2026-07-02 02:19:51,344 | INFO | ========== INICIO DEL SISTEMA ==========
2026-07-02 02:19:51,345 | INFO | Inicio de la simulación.
2026-07-02 02:19:51,345 | INFO | Gestor del sistema inicializado.
2026-07-02 02:19:51,345 | INFO | Cliente registrado: Daniel Triana
2026-07-02 02:19:51,345 | INFO | Cliente registrado: María López
2026-07-02 02:19:51,346 | INFO | Cliente registrado: Carlos Pérez
2026-07-02 02:19:51,346 | INFO | Cliente registrado: Laura Gómez
2026-07-02 02:19:51,346 | INFO | Cliente registrado: Pedro Ramírez
2026-07-02 02:19:51,347 | WARNING | El nombre debe contener al menos 3 caracteres.
2026-07-02 02:19:51,347 | WARNING | El documento solo debe contener números.
2026-07-02 02:19:51,347 | WARNING | El correo electrónico no es válido.
2026-07-02 02:19:51,348 | WARNING | Ya existe un cliente con ese documento.
2026-07-02 02:19:51,348 | INFO | Servicio registrado: Sala Ejecutiva
2026-07-02 02:19:51,348 | INFO | Servicio registrado: Video Beam
2026-07-02 02:19:51,348 | INFO | Servicio registrado: Consultoría Ti
2026-07-02 02:19:51,349 | INFO | Reserva confirmada para Daniel Triana
2026-07-02 02:19:51,349 | INFO | Finalizó el proceso de confirmación.
2026-07-02 02:19:51,349 | INFO | Reserva procesada correctamente para Daniel Triana
2026-07-02 02:19:51,349 | INFO | Proceso de reserva finalizado.
2026-07-02 02:19:51,349 | INFO | Reserva registrada correctamente.
2026-07-02 02:19:51,349 | INFO | Proceso de Reserva 1 finalizado.
2026-07-02 02:19:51,349 | INFO | Reserva confirmada para María López
2026-07-02 02:19:51,349 | INFO | Finalizó el proceso de confirmación.
2026-07-02 02:19:51,349 | INFO | Reserva procesada correctamente para María López
2026-07-02 02:19:51,349 | INFO | Proceso de reserva finalizado.
2026-07-02 02:19:51,349 | INFO | Reserva registrada correctamente.
2026-07-02 02:19:51,349 | INFO | Reserva confirmada para Carlos Pérez
2026-07-02 02:19:51,349 | INFO | Finalizó el proceso de confirmación.
2026-07-02 02:19:51,349 | INFO | Reserva procesada correctamente para Carlos Pérez
2026-07-02 02:19:51,349 | INFO | Proceso de reserva finalizado.
2026-07-02 02:19:51,349 | INFO | Reserva registrada correctamente.
2026-07-02 02:19:51,349 | WARNING | La duración debe ser mayor que cero.
2026-07-02 02:19:51,350 | ERROR | El servicio 'Consultoría Ti' no se encuentra disponible.
2026-07-02 02:19:51,350 | INFO | Finalizó el proceso de confirmación.
2026-07-02 02:19:51,350 | ERROR | Error al confirmar la reserva.
2026-07-02 02:19:51,350 | INFO | Proceso de reserva finalizado.
2026-07-02 02:19:51,350 | WARNING | No fue posible procesar la reserva.
2026-07-02 02:19:51,350 | WARNING | Reserva cancelada para Daniel Triana
2026-07-02 02:19:51,350 | WARNING | Reserva cancelada para Daniel Triana
2026-07-02 02:19:51,350 | INFO | Reserva confirmada para Daniel Triana
2026-07-02 02:19:51,350 | INFO | Finalizó el proceso de confirmación.
2026-07-02 02:19:51,350 | INFO | Reserva procesada correctamente para Daniel Triana
2026-07-02 02:19:51,350 | INFO | Proceso de reserva finalizado.
2026-07-02 02:19:51,355 | INFO | Simulación finalizada correctamente.
2026-07-02 02:19:51,356 | INFO | =========== FIN DEL SISTEMA ===========
2026-07-02 02:20:18,399 | INFO | ========== INICIO DEL SISTEMA ==========
2026-07-02 02:20:18,400 | INFO | Inicio de la simulación.
2026-07-02 02:20:18,400 | INFO | Gestor del sistema inicializado.
2026-07-02 02:20:18,400 | INFO | Cliente registrado: Daniel Triana
2026-07-02 02:20:18,400 | INFO | Cliente registrado: María López
2026-07-02 02:20:18,400 | INFO | Cliente registrado: Carlos Pérez
2026-07-02 02:20:18,401 | INFO | Cliente registrado: Laura Gómez
2026-07-02 02:20:18,401 | INFO | Cliente registrado: Pedro Ramírez
2026-07-02 02:20:18,401 | WARNING | El nombre debe contener al menos 3 caracteres.
2026-07-02 02:20:18,401 | WARNING | El documento solo debe contener números.
2026-07-02 02:20:18,401 | WARNING | El correo electrónico no es válido.
2026-07-02 02:20:18,401 | WARNING | Ya existe un cliente con ese documento.
2026-07-02 02:20:18,401 | INFO | Servicio registrado: Sala Ejecutiva
2026-07-02 02:20:18,402 | INFO | Servicio registrado: Video Beam
2026-07-02 02:20:18,402 | INFO | Servicio registrado: Consultoría Ti
2026-07-02 02:20:18,402 | INFO | Reserva confirmada para Daniel Triana
2026-07-02 02:20:18,402 | INFO | Finalizó el proceso de confirmación.
2026-07-02 02:20:18,402 | INFO | Reserva procesada correctamente para Daniel Triana
2026-07-02 02:20:18,402 | INFO | Proceso de reserva finalizado.
2026-07-02 02:20:18,402 | INFO | Reserva registrada correctamente.
2026-07-02 02:20:18,402 | INFO | Proceso de Reserva 1 finalizado.
2026-07-02 02:20:18,402 | INFO | Reserva confirmada para María López
2026-07-02 02:20:18,402 | INFO | Finalizó el proceso de confirmación.
2026-07-02 02:20:18,402 | INFO | Reserva procesada correctamente para María López
2026-07-02 02:20:18,402 | INFO | Proceso de reserva finalizado.
2026-07-02 02:20:18,402 | INFO | Reserva registrada correctamente.
2026-07-02 02:20:18,403 | INFO | Reserva confirmada para Carlos Pérez
2026-07-02 02:20:18,403 | INFO | Finalizó el proceso de confirmación.
2026-07-02 02:20:18,403 | INFO | Reserva procesada correctamente para Carlos Pérez
2026-07-02 02:20:18,403 | INFO | Proceso de reserva finalizado.
2026-07-02 02:20:18,403 | INFO | Reserva registrada correctamente.
2026-07-02 02:20:18,403 | WARNING | La duración debe ser mayor que cero.
2026-07-02 02:20:18,403 | ERROR | El servicio 'Consultoría Ti' no se encuentra disponible.
2026-07-02 02:20:18,403 | INFO | Finalizó el proceso de confirmación.
2026-07-02 02:20:18,403 | ERROR | Error al confirmar la reserva.
2026-07-02 02:20:18,403 | INFO | Proceso de reserva finalizado.
2026-07-02 02:20:18,403 | WARNING | No fue posible procesar la reserva.
2026-07-02 02:20:18,403 | WARNING | Reserva cancelada para Daniel Triana
2026-07-02 02:20:18,404 | WARNING | Reserva cancelada para Daniel Triana
2026-07-02 02:20:18,404 | INFO | Reserva confirmada para Daniel Triana
2026-07-02 02:20:18,404 | INFO | Finalizó el proceso de confirmación.
2026-07-02 02:20:18,404 | INFO | Reserva procesada correctamente para Daniel Triana
2026-07-02 02:20:18,404 | INFO | Proceso de reserva finalizado.
2026-07-02 02:20:18,405 | INFO | Simulación finalizada correctamente.
2026-07-02 02:20:18,406 | INFO | =========== FIN DEL SISTEMA ===========
2026-07-02 02:20:19,883 | INFO | ========== INICIO DEL SISTEMA ==========
2026-07-02 02:20:19,883 | INFO | Inicio de la simulación.
2026-07-02 02:20:19,883 | INFO | Gestor del sistema inicializado.
2026-07-02 02:20:19,884 | INFO | Cliente registrado: Daniel Triana
2026-07-02 02:20:19,884 | INFO | Cliente registrado: María López
2026-07-02 02:20:19,884 | INFO | Cliente registrado: Carlos Pérez
2026-07-02 02:20:19,884 | INFO | Cliente registrado: Laura Gómez
2026-07-02 02:20:19,884 | INFO | Cliente registrado: Pedro Ramírez
2026-07-02 02:20:19,884 | WARNING | El nombre debe contener al menos 3 caracteres.
2026-07-02 02:20:19,885 | WARNING | El documento solo debe contener números.
2026-07-02 02:20:19,885 | WARNING | El correo electrónico no es válido.
2026-07-02 02:20:19,885 | WARNING | Ya existe un cliente con ese documento.
2026-07-02 02:20:19,885 | INFO | Servicio registrado: Sala Ejecutiva
2026-07-02 02:20:19,885 | INFO | Servicio registrado: Video Beam
2026-07-02 02:20:19,886 | INFO | Servicio registrado: Consultoría Ti
2026-07-02 02:20:19,886 | INFO | Reserva confirmada para Daniel Triana
2026-07-02 02:20:19,886 | INFO | Finalizó el proceso de confirmación.
2026-07-02 02:20:19,886 | INFO | Reserva procesada correctamente para Daniel Triana
2026-07-02 02:20:19,886 | INFO | Proceso de reserva finalizado.
2026-07-02 02:20:19,886 | INFO | Reserva registrada correctamente.
2026-07-02 02:20:19,886 | INFO | Proceso de Reserva 1 finalizado.
2026-07-02 02:20:19,886 | INFO | Reserva confirmada para María López
2026-07-02 02:20:19,886 | INFO | Finalizó el proceso de confirmación.
2026-07-02 02:20:19,886 | INFO | Reserva procesada correctamente para María López
2026-07-02 02:20:19,886 | INFO | Proceso de reserva finalizado.
2026-07-02 02:20:19,886 | INFO | Reserva registrada correctamente.
2026-07-02 02:20:19,887 | INFO | Reserva confirmada para Carlos Pérez
2026-07-02 02:20:19,887 | INFO | Finalizó el proceso de confirmación.
2026-07-02 02:20:19,887 | INFO | Reserva procesada correctamente para Carlos Pérez
2026-07-02 02:20:19,887 | INFO | Proceso de reserva finalizado.
2026-07-02 02:20:19,887 | INFO | Reserva registrada correctamente.
2026-07-02 02:20:19,887 | WARNING | La duración debe ser mayor que cero.
2026-07-02 02:20:19,887 | ERROR | El servicio 'Consultoría Ti' no se encuentra disponible.
2026-07-02 02:20:19,887 | INFO | Finalizó el proceso de confirmación.
2026-07-02 02:20:19,887 | ERROR | Error al confirmar la reserva.
2026-07-02 02:20:19,887 | INFO | Proceso de reserva finalizado.
2026-07-02 02:20:19,887 | WARNING | No fue posible procesar la reserva.
2026-07-02 02:20:19,887 | WARNING | Reserva cancelada para Daniel Triana
2026-07-02 02:20:19,887 | WARNING | Reserva cancelada para Daniel Triana
2026-07-02 02:20:19,887 | INFO | Reserva confirmada para Daniel Triana
2026-07-02 02:20:19,887 | INFO | Finalizó el proceso de confirmación.
2026-07-02 02:20:19,888 | INFO | Reserva procesada correctamente para Daniel Triana
2026-07-02 02:20:19,888 | INFO | Proceso de reserva finalizado.
2026-07-02 02:20:19,891 | INFO | Simulación finalizada correctamente.
2026-07-02 02:20:19,891 | INFO | =========== FIN DEL SISTEMA ===========
2026-07-02 02:39:05,189 | INFO | ========== INICIO DEL SISTEMA ==========
2026-07-02 02:39:05,192 | INFO | Inicio de la simulación.
2026-07-02 02:39:05,192 | INFO | Gestor del sistema inicializado.
2026-07-02 02:39:05,192 | INFO | Cliente registrado: Daniel Triana
2026-07-02 02:39:05,192 | INFO | Cliente registrado: María López
2026-07-02 02:39:05,192 | INFO | Cliente registrado: Carlos Pérez
2026-07-02 02:39:05,192 | INFO | Cliente registrado: Laura Gómez
2026-07-02 02:39:05,192 | INFO | Cliente registrado: Pedro Ramírez
2026-07-02 02:39:05,193 | WARNING | El nombre debe contener al menos 3 caracteres.
2026-07-02 02:39:05,193 | WARNING | El documento solo debe contener números.
2026-07-02 02:39:05,193 | WARNING | El correo electrónico no es válido.
2026-07-02 02:39:05,193 | WARNING | Ya existe un cliente con ese documento.
2026-07-02 02:39:05,193 | INFO | Servicio registrado: Sala Ejecutiva
2026-07-02 02:39:05,193 | INFO | Servicio registrado: Video Beam
2026-07-02 02:39:05,193 | INFO | Servicio registrado: Consultoría Ti
2026-07-02 02:39:05,193 | INFO | Reserva confirmada para Daniel Triana
2026-07-02 02:39:05,194 | INFO | Finalizó el proceso de confirmación.
2026-07-02 02:39:05,194 | INFO | Reserva procesada correctamente para Daniel Triana
2026-07-02 02:39:05,194 | INFO | Proceso de reserva finalizado.
2026-07-02 02:39:05,194 | INFO | Reserva registrada correctamente.
2026-07-02 02:39:05,194 | INFO | Proceso de Reserva 1 finalizado.
2026-07-02 02:39:05,194 | INFO | Reserva confirmada para María López
2026-07-02 02:39:05,194 | INFO | Finalizó el proceso de confirmación.
2026-07-02 02:39:05,194 | INFO | Reserva procesada correctamente para María López
2026-07-02 02:39:05,194 | INFO | Proceso de reserva finalizado.
2026-07-02 02:39:05,194 | INFO | Reserva registrada correctamente.
2026-07-02 02:39:05,194 | INFO | Reserva confirmada para Carlos Pérez
2026-07-02 02:39:05,194 | INFO | Finalizó el proceso de confirmación.
2026-07-02 02:39:05,194 | INFO | Reserva procesada correctamente para Carlos Pérez
2026-07-02 02:39:05,194 | INFO | Proceso de reserva finalizado.
2026-07-02 02:39:05,194 | INFO | Reserva registrada correctamente.
2026-07-02 02:39:05,195 | WARNING | La duración debe ser mayor que cero.
2026-07-02 02:39:05,195 | ERROR | El servicio 'Consultoría Ti' no se encuentra disponible.
2026-07-02 02:39:05,195 | INFO | Finalizó el proceso de confirmación.
2026-07-02 02:39:05,195 | ERROR | Error al confirmar la reserva.
2026-07-02 02:39:05,195 | INFO | Proceso de reserva finalizado.
2026-07-02 02:39:05,195 | WARNING | No fue posible procesar la reserva.
2026-07-02 02:39:05,195 | WARNING | Reserva cancelada para Daniel Triana
2026-07-02 02:39:05,195 | WARNING | Reserva cancelada para Daniel Triana
2026-07-02 02:39:05,195 | INFO | Reserva confirmada para Daniel Triana
2026-07-02 02:39:05,195 | INFO | Finalizó el proceso de confirmación.
2026-07-02 02:39:05,195 | INFO | Reserva procesada correctamente para Daniel Triana
2026-07-02 02:39:05,195 | INFO | Proceso de reserva finalizado.
2026-07-02 02:39:05,197 | INFO | Simulación finalizada correctamente.
2026-07-02 02:39:05,198 | INFO | =========== FIN DEL SISTEMA ===========
